17:14:26.536 ERROR Fail fast is set and there was an error reading configuration from consul.
17:14:27.537 ERROR Fail fast is set and there was an error reading configuration from consul.
17:14:28.638 ERROR Fail fast is set and there was an error reading configuration from consul.
17:14:29.849 ERROR Fail fast is set and there was an error reading configuration from consul.
17:14:31.181 ERROR Fail fast is set and there was an error reading configuration from consul.
17:14:32.646 ERROR Fail fast is set and there was an error reading configuration from consul.
17:14:32.657 ERROR Application run failed
com.ecwid.consul.transport.TransportException: java.net.UnknownHostException: consul
	at com.ecwid.consul.transport.AbstractHttpTransport.executeRequest(AbstractHttpTransport.java:77) ~[consul-api-1.4.1.jar!/:na]
	at com.ecwid.consul.transport.AbstractHttpTransport.makeGetRequest(AbstractHttpTransport.java:34) ~[consul-api-1.4.1.jar!/:na]
	at com.ecwid.consul.v1.ConsulRawClient.makeGetRequest(ConsulRawClient.java:128) ~[consul-api-1.4.1.jar!/:na]
	at com.ecwid.consul.v1.kv.KeyValueConsulClient.getKVValues(KeyValueConsulClient.java:150) ~[consul-api-1.4.1.jar!/:na]
	at com.ecwid.consul.v1.ConsulClient.getKVValues(ConsulClient.java:534) ~[consul-api-1.4.1.jar!/:na]
	at org.springframework.cloud.consul.config.ConsulPropertySource.init(ConsulPropertySource.java:68) ~[spring-cloud-consul-config-2.2.0.RC1.jar!/:2.2.0.RC1]
	at org.springframework.cloud.consul.config.ConsulPropertySourceLocator.create(ConsulPropertySourceLocator.java:179) ~[spring-cloud-consul-config-2.2.0.RC1.jar!/:2.2.0.RC1]
	at org.springframework.cloud.consul.config.ConsulPropertySourceLocator.locate(ConsulPropertySourceLocator.java:139) ~[spring-cloud-consul-config-2.2.0.RC1.jar!/:2.2.0.RC1]
	at org.springframework.cloud.consul.config.ConsulPropertySourceLocator$$FastClassBySpringCGLIB$$b35ebf8.invoke(<generated>) ~[spring-cloud-consul-config-2.2.0.RC1.jar!/:2.2.0.RC1]
	at org.springframework.cglib.proxy.MethodProxy.invoke(MethodProxy.java:218) ~[spring-core-5.2.0.RELEASE.jar!/:5.2.0.RELEASE]
	at org.springframework.aop.framework.CglibAopProxy$CglibMethodInvocation.invokeJoinpoint(CglibAopProxy.java:769) ~[spring-aop-5.2.0.RELEASE.jar!/:5.2.0.RELEASE]
	at org.springframework.aop.framework.ReflectiveMethodInvocation.proceed(ReflectiveMethodInvocation.java:163) ~[spring-aop-5.2.0.RELEASE.jar!/:5.2.0.RELEASE]
	at org.springframework.aop.framework.CglibAopProxy$CglibMethodInvocation.proceed(CglibAopProxy.java:747) ~[spring-aop-5.2.0.RELEASE.jar!/:5.2.0.RELEASE]
	at org.springframework.retry.interceptor.RetryOperationsInterceptor$1.doWithRetry(RetryOperationsInterceptor.java:91) ~[spring-retry-1.2.4.RELEASE.jar!/:na]
	at org.springframework.retry.support.RetryTemplate.doExecute(RetryTemplate.java:287) ~[spring-retry-1.2.4.RELEASE.jar!/:na]
	at org.springframework.retry.support.RetryTemplate.execute(RetryTemplate.java:164) ~[spring-retry-1.2.4.RELEASE.jar!/:na]
	at org.springframework.retry.interceptor.RetryOperationsInterceptor.invoke(RetryOperationsInterceptor.java:118) ~[spring-retry-1.2.4.RELEASE.jar!/:na]
	at org.springframework.retry.annotation.AnnotationAwareRetryOperationsInterceptor.invoke(AnnotationAwareRetryOperationsInterceptor.java:153) ~[spring-retry-1.2.4.RELEASE.jar!/:na]
	at org.springframework.aop.framework.ReflectiveMethodInvocation.proceed(ReflectiveMethodInvocation.java:186) ~[spring-aop-5.2.0.RELEASE.jar!/:5.2.0.RELEASE]
	at org.springframework.aop.framework.CglibAopProxy$CglibMethodInvocation.proceed(CglibAopProxy.java:747) ~[spring-aop-5.2.0.RELEASE.jar!/:5.2.0.RELEASE]
	at org.springframework.aop.framework.CglibAopProxy$DynamicAdvisedInterceptor.intercept(CglibAopProxy.java:689) ~[spring-aop-5.2.0.RELEASE.jar!/:5.2.0.RELEASE]
	at org.springframework.cloud.consul.config.ConsulPropertySourceLocator$$EnhancerBySpringCGLIB$$2f954fd1.locate(<generated>) ~[spring-cloud-consul-config-2.2.0.RC1.jar!/:2.2.0.RC1]
	at org.springframework.cloud.bootstrap.config.PropertySourceBootstrapConfiguration.initialize(PropertySourceBootstrapConfiguration.java:98) ~[spring-cloud-context-2.2.0.RC1.jar!/:2.2.0.RC1]
	at org.springframework.boot.SpringApplication.applyInitializers(SpringApplication.java:626) [spring-boot-2.2.0.RELEASE.jar!/:2.2.0.RELEASE]
	at org.springframework.boot.SpringApplication.prepareContext(SpringApplication.java:370) [spring-boot-2.2.0.RELEASE.jar!/:2.2.0.RELEASE]
	at org.springframework.boot.SpringApplication.run(SpringApplication.java:314) [spring-boot-2.2.0.RELEASE.jar!/:2.2.0.RELEASE]
	at org.springframework.boot.SpringApplication.run(SpringApplication.java:1226) [spring-boot-2.2.0.RELEASE.jar!/:2.2.0.RELEASE]
	at org.springframework.boot.SpringApplication.run(SpringApplication.java:1215) [spring-boot-2.2.0.RELEASE.jar!/:2.2.0.RELEASE]
	at murex.dev.mxem.Environments.EnvironmentsApplication.main(EnvironmentsApplication.java:25) [classes!/:1.0-SNAPSHOT]
	at sun.reflect.NativeMethodAccessorImpl.invoke0(Native Method) ~[na:1.8.0_161]
	at sun.reflect.NativeMethodAccessorImpl.invoke(Unknown Source) ~[na:1.8.0_161]
	at sun.reflect.DelegatingMethodAccessorImpl.invoke(Unknown Source) ~[na:1.8.0_161]
	at java.lang.reflect.Method.invoke(Unknown Source) ~[na:1.8.0_161]
	at org.springframework.boot.loader.MainMethodRunner.run(MainMethodRunner.java:48) [Environments-1.0-SNAPSHOT.jar:1.0-SNAPSHOT]
	at org.springframework.boot.loader.Launcher.launch(Launcher.java:87) [Environments-1.0-SNAPSHOT.jar:1.0-SNAPSHOT]
	at org.springframework.boot.loader.Launcher.launch(Launcher.java:51) [Environments-1.0-SNAPSHOT.jar:1.0-SNAPSHOT]
	at org.springframework.boot.loader.JarLauncher.main(JarLauncher.java:52) [Environments-1.0-SNAPSHOT.jar:1.0-SNAPSHOT]
Caused by: java.net.UnknownHostException: consul
	at java.net.InetAddress.getAllByName0(Unknown Source) ~[na:1.8.0_161]
	at java.net.InetAddress.getAllByName(Unknown Source) ~[na:1.8.0_161]
	at java.net.InetAddress.getAllByName(Unknown Source) ~[na:1.8.0_161]
	at org.apache.http.impl.conn.SystemDefaultDnsResolver.resolve(SystemDefaultDnsResolver.java:45) ~[httpclient-4.5.10.jar!/:4.5.10]
	at org.apache.http.impl.conn.DefaultHttpClientConnectionOperator.connect(DefaultHttpClientConnectionOperator.java:112) ~[httpclient-4.5.10.jar!/:4.5.10]
	at org.apache.http.impl.conn.PoolingHttpClientConnectionManager.connect(PoolingHttpClientConnectionManager.java:374) ~[httpclient-4.5.10.jar!/:4.5.10]
	at org.apache.http.impl.execchain.MainClientExec.establishRoute(MainClientExec.java:393) ~[httpclient-4.5.10.jar!/:4.5.10]
	at org.apache.http.impl.execchain.MainClientExec.execute(MainClientExec.java:236) ~[httpclient-4.5.10.jar!/:4.5.10]
	at org.apache.http.impl.execchain.ProtocolExec.execute(ProtocolExec.java:186) ~[httpclient-4.5.10.jar!/:4.5.10]
	at org.apache.http.impl.execchain.RetryExec.execute(RetryExec.java:89) ~[httpclient-4.5.10.jar!/:4.5.10]
	at org.apache.http.impl.execchain.RedirectExec.execute(RedirectExec.java:110) ~[httpclient-4.5.10.jar!/:4.5.10]
	at org.apache.http.impl.client.InternalHttpClient.doExecute(InternalHttpClient.java:185) ~[httpclient-4.5.10.jar!/:4.5.10]
	at org.apache.http.impl.client.CloseableHttpClient.execute(CloseableHttpClient.java:72) ~[httpclient-4.5.10.jar!/:4.5.10]
	at org.apache.http.impl.client.CloseableHttpClient.execute(CloseableHttpClient.java:221) ~[httpclient-4.5.10.jar!/:4.5.10]
	at org.apache.http.impl.client.CloseableHttpClient.execute(CloseableHttpClient.java:165) ~[httpclient-4.5.10.jar!/:4.5.10]
	at org.apache.http.impl.client.CloseableHttpClient.execute(CloseableHttpClient.java:140) ~[httpclient-4.5.10.jar!/:4.5.10]
	at com.ecwid.consul.transport.AbstractHttpTransport.executeRequest(AbstractHttpTransport.java:61) ~[consul-api-1.4.1.jar!/:na]
	... 36 common frames omitted
